<?xml version="1.0" encoding="UTF-8"?>
<testng-results ignored="0" total="2" passed="2" failed="0" skipped="0">
  <reporter-output>
  </reporter-output>
  <suite started-at="2026-02-07T22:16:13 IST" name="crossbrowsersuite" finished-at="2026-02-07T22:16:29 IST" duration-ms="16066">
    <groups>
    </groups>
    <test started-at="2026-02-07T22:16:13 IST" name="LoginTest" finished-at="2026-02-07T22:16:25 IST" duration-ms="12302">
      <class name="org.fb.test.qa.LoginTest">
        <test-method is-config="true" signature="setUp()[pri:0, instance:org.fb.test.qa.LoginTest@4ad4936c]" started-at="2026-02-07T22:16:13 IST" name="setUp" finished-at="2026-02-07T22:16:17 IST" duration-ms="3904" status="PASS">
          <reporter-output>
          </reporter-output>
        </test-method> <!-- setUp -->
        <test-method signature="TC001_FBLoginTest()[pri:0, instance:org.fb.test.qa.LoginTest@4ad4936c]" started-at="2026-02-07T22:16:17 IST" name="TC001_FBLoginTest" finished-at="2026-02-07T22:16:21 IST" duration-ms="3973" status="PASS">
          <reporter-output>
          </reporter-output>
        </test-method> <!-- TC001_FBLoginTest -->
        <test-method is-config="true" signature="teardown()[pri:0, instance:org.fb.test.qa.LoginTest@4ad4936c]" started-at="2026-02-07T22:16:21 IST" name="teardown" finished-at="2026-02-07T22:16:25 IST" duration-ms="4226" status="PASS">
          <reporter-output>
          </reporter-output>
        </test-method> <!-- teardown -->
      </class> <!-- org.fb.test.qa.LoginTest -->
    </test> <!-- LoginTest -->
    <test started-at="2026-02-07T22:16:25 IST" name="RegistrationTest" finished-at="2026-02-07T22:16:29 IST" duration-ms="3456">
      <class name="org.fb.test.qa.RegistrationTest">
        <test-method is-config="true" signature="setup()[pri:0, instance:org.fb.test.qa.RegistrationTest@69e308c6]" started-at="2026-02-07T22:16:25 IST" name="setup" finished-at="2026-02-07T22:16:27 IST" duration-ms="1941" status="PASS">
          <reporter-output>
          </reporter-output>
        </test-method> <!-- setup -->
        <test-method signature="TC002()[pri:0, instance:org.fb.test.qa.RegistrationTest@69e308c6]" started-at="2026-02-07T22:16:27 IST" name="TC002" finished-at="2026-02-07T22:16:28 IST" duration-ms="1259" status="PASS">
          <reporter-output>
          </reporter-output>
        </test-method> <!-- TC002 -->
        <test-method is-config="true" signature="teardown()[pri:0, instance:org.fb.test.qa.RegistrationTest@69e308c6]" started-at="2026-02-07T22:16:28 IST" name="teardown" finished-at="2026-02-07T22:16:29 IST" duration-ms="238" status="PASS">
          <reporter-output>
          </reporter-output>
        </test-method> <!-- teardown -->
      </class> <!-- org.fb.test.qa.RegistrationTest -->
    </test> <!-- RegistrationTest -->
  </suite> <!-- crossbrowsersuite -->
</testng-results>
