<?xml version="1.0" encoding="UTF-8"?>
<testng-results ignored="0" total="2" passed="1" failed="1" skipped="0">
  <reporter-output>
  </reporter-output>
  <suite started-at="2026-02-13T22:58:41 IST" name="crossbrowsersuite" finished-at="2026-02-13T22:58:59 IST" duration-ms="18263">
    <groups>
    </groups>
    <test started-at="2026-02-13T22:58:41 IST" name="LoginTest" finished-at="2026-02-13T22:58:51 IST" duration-ms="10084">
      <class name="org.fb.test.qa.LoginTest">
        <test-method is-config="true" signature="setUp()[pri:0, instance:org.fb.test.qa.LoginTest@29d37757]" started-at="2026-02-13T22:58:41 IST" name="setUp" finished-at="2026-02-13T22:58:44 IST" duration-ms="2670" status="PASS">
          <reporter-output>
          </reporter-output>
        </test-method> <!-- setUp -->
        <test-method signature="TC001_FBLoginTest()[pri:0, instance:org.fb.test.qa.LoginTest@29d37757]" started-at="2026-02-13T22:58:44 IST" name="TC001_FBLoginTest" finished-at="2026-02-13T22:58:47 IST" duration-ms="2887" status="FAIL">
          <exception class="java.lang.AssertionError">
            <message>
              <![CDATA[The following asserts failed:
No Tiltle found expected [Facebook] but found [Log in to Facebook]]]>
            </message>
            <full-stacktrace>
              <![CDATA[java.lang.AssertionError: The following asserts failed:
No Tiltle found expected [Facebook] but found [Log in to Facebook]
at org.testng.asserts.SoftAssert.assertAll(SoftAssert.java:46)
at org.testng.asserts.SoftAssert.assertAll(SoftAssert.java:30)
at org.fb.test.qa.LoginTest.TC001_FBLoginTest(LoginTest.java:36)
at java.base/jdk.internal.reflect.DirectMethodHandleAccessor.invoke(DirectMethodHandleAccessor.java:104)
at java.base/java.lang.reflect.Method.invoke(Method.java:577)
at org.testng.internal.invokers.MethodInvocationHelper.invokeMethod(MethodInvocationHelper.java:141)
at org.testng.internal.invokers.TestInvoker.invokeMethod(TestInvoker.java:687)
at org.testng.internal.invokers.TestInvoker.invokeTestMethod(TestInvoker.java:230)
at org.testng.internal.invokers.MethodRunner.runInSequence(MethodRunner.java:63)
at org.testng.internal.invokers.TestInvoker$MethodInvocationAgent.invoke(TestInvoker.java:995)
at org.testng.internal.invokers.TestInvoker.invokeTestMethods(TestInvoker.java:203)
at org.testng.internal.invokers.TestMethodWorker.invokeTestMethods(TestMethodWorker.java:154)
at org.testng.internal.invokers.TestMethodWorker.run(TestMethodWorker.java:134)
at java.base/java.util.ArrayList.forEach(ArrayList.java:1511)
at org.testng.TestRunner.privateRun(TestRunner.java:741)
at org.testng.TestRunner.run(TestRunner.java:616)
at org.testng.SuiteRunner.runTest(SuiteRunner.java:421)
at org.testng.SuiteRunner.runSequentially(SuiteRunner.java:413)
at org.testng.SuiteRunner.privateRun(SuiteRunner.java:373)
at org.testng.SuiteRunner.run(SuiteRunner.java:312)
at org.testng.SuiteRunnerWorker.runSuite(SuiteRunnerWorker.java:52)
at org.testng.SuiteRunnerWorker.run(SuiteRunnerWorker.java:95)
at org.testng.TestNG.runSuitesSequentially(TestNG.java:1274)
at org.testng.TestNG.runSuitesLocally(TestNG.java:1208)
at org.testng.TestNG.runSuites(TestNG.java:1112)
at org.testng.TestNG.run(TestNG.java:1079)
at org.testng.remote.AbstractRemoteTestNG.run(AbstractRemoteTestNG.java:115)
at org.testng.remote.RemoteTestNG.initAndRun(RemoteTestNG.java:293)
at org.testng.remote.RemoteTestNG.main(RemoteTestNG.java:91)
]]>
            </full-stacktrace>
          </exception> <!-- java.lang.AssertionError -->
          <reporter-output>
          </reporter-output>
        </test-method> <!-- TC001_FBLoginTest -->
        <test-method is-config="true" signature="teardown()[pri:0, instance:org.fb.test.qa.LoginTest@29d37757]" started-at="2026-02-13T22:58:47 IST" name="teardown" finished-at="2026-02-13T22:58:51 IST" duration-ms="4191" status="PASS">
          <reporter-output>
          </reporter-output>
        </test-method> <!-- teardown -->
      </class> <!-- org.fb.test.qa.LoginTest -->
    </test> <!-- LoginTest -->
    <test started-at="2026-02-13T22:58:51 IST" name="RegistrationTest" finished-at="2026-02-13T22:58:59 IST" duration-ms="7849">
      <class name="org.fb.test.qa.RegistrationTest">
        <test-method is-config="true" signature="setup()[pri:0, instance:org.fb.test.qa.RegistrationTest@1a1ed4e5]" started-at="2026-02-13T22:58:51 IST" name="setup" finished-at="2026-02-13T22:58:53 IST" duration-ms="2180" status="PASS">
          <reporter-output>
          </reporter-output>
        </test-method> <!-- setup -->
        <test-method signature="TC002()[pri:0, instance:org.fb.test.qa.RegistrationTest@1a1ed4e5]" started-at="2026-02-13T22:58:53 IST" name="TC002" finished-at="2026-02-13T22:58:59 IST" duration-ms="5150" status="PASS">
          <reporter-output>
          </reporter-output>
        </test-method> <!-- TC002 -->
        <test-method is-config="true" signature="teardown()[pri:0, instance:org.fb.test.qa.RegistrationTest@1a1ed4e5]" started-at="2026-02-13T22:58:59 IST" name="teardown" finished-at="2026-02-13T22:58:59 IST" duration-ms="484" status="PASS">
          <reporter-output>
          </reporter-output>
        </test-method> <!-- teardown -->
      </class> <!-- org.fb.test.qa.RegistrationTest -->
    </test> <!-- RegistrationTest -->
  </suite> <!-- crossbrowsersuite -->
</testng-results>
