<?xml version="1.0" encoding="UTF-8"?>
<!-- Generated by org.testng.reporters.JUnitReportReporter -->
<testsuite hostname="Arti" failures="0" tests="2" name="org.fb.test.qa.LoginFBDatadriven" time="35.911" errors="0" timestamp="2026-01-28T10:34:48 IST" skipped="0">
  <testcase classname="org.fb.test.qa.LoginFBDatadriven" name="TC001_ValidLogin" time="3.084"/>
  <system-out/>
  <testcase classname="org.fb.test.qa.LoginFBDatadriven" name="TC001_ValidLogin" time="32.827"/>
  <system-out/>
</testsuite> <!-- org.fb.test.qa.LoginFBDatadriven -->
