<?xml version="1.0" encoding="UTF-8"?>
<!-- Generated by org.testng.reporters.JUnitXMLReporter -->
<testsuite ignored="0" hostname="Arti" failures="1" tests="1" name="LoginTest" time="10.084" errors="0" timestamp="2026-02-13T22:58:51 IST">
  <testcase classname="org.fb.test.qa.LoginTest" name="TC001_FBLoginTest" time="2.887">
    <failure type="java.lang.AssertionError" message="The following asserts failed:
	No Tiltle found expected [Facebook] but found [Log in to Facebook]">
      <![CDATA[java.lang.AssertionError: The following asserts failed:
No Tiltle found expected [Facebook] but found [Log in to Facebook]
at org.fb.test.qa.LoginTest.TC001_FBLoginTest(LoginTest.java:36)
at java.base/java.util.ArrayList.forEach(ArrayList.java:1511)
... Removed 27 stack frames]]>
    </failure>
  </testcase> <!-- TC001_FBLoginTest -->
</testsuite> <!-- LoginTest -->
